<?xml version="1.0" encoding="UTF-8"?>
<testsuite name="org.translator.MapperCoreTest" tests="8" skipped="0" failures="0" errors="0" timestamp="2025-08-15T14:47:10" hostname="Ejikes-MacBook-Pro.local" time="0.136">
  <properties/>
  <testcase name="structuredRemittanceTypedMapping()" classname="org.translator.MapperCoreTest" time="0.011"/>
  <testcase name="structuredRemittanceMapping()" classname="org.translator.MapperCoreTest" time="0.001"/>
  <testcase name="[1] com.prowidesoftware.swift.model.mx.dic.CreditTransferTransactionInformation2@2fba3fc4[&#10;  accptncDtTm=&lt;null&gt;&#10;  cdtr=&lt;null&gt;&#10;  cdtrAcct=&lt;null&gt;&#10;  cdtrAgt=&lt;null&gt;&#10;  cdtrAgtAcct=&lt;null&gt;&#10;  chrgBr=&lt;null&gt;&#10;  chrgsInf=&lt;null&gt;&#10;  dbtr=&lt;null&gt;&#10;  dbtrAcct=com.prowidesoftware.swift.model.mx.dic.CashAccount7@1acaf3d[&#10;  ccy=&lt;null&gt;&#10;  id=com.prowidesoftware.swift.model.mx.dic.AccountIdentification3Choice@a307a8c[&#10;  bban=&lt;null&gt;&#10;  iban=NL91ABNA0417164300&#10;  prtryAcct=&lt;null&gt;&#10;  upic=&lt;null&gt;&#10;]&#10;  nm=&lt;null&gt;&#10;  tp=&lt;null&gt;&#10;]&#10;  dbtrAgt=&lt;null&gt;&#10;…" classname="org.translator.MapperCoreTest" time="0.06"/>
  <testcase name="[2] com.prowidesoftware.swift.model.mx.dic.CreditTransferTransactionInformation2@dcfda20[&#10;  accptncDtTm=&lt;null&gt;&#10;  cdtr=&lt;null&gt;&#10;  cdtrAcct=&lt;null&gt;&#10;  cdtrAgt=&lt;null&gt;&#10;  cdtrAgtAcct=&lt;null&gt;&#10;  chrgBr=&lt;null&gt;&#10;  chrgsInf=&lt;null&gt;&#10;  dbtr=com.prowidesoftware.swift.model.mx.dic.PartyIdentification8@6d304f9d[&#10;  ctryOfRes=&lt;null&gt;&#10;  id=&lt;null&gt;&#10;  nm=Only Name Ltd&#10;  pstlAdr=&lt;null&gt;&#10;]&#10;  dbtrAcct=com.prowidesoftware.swift.model.mx.dic.CashAccount7@f73dcd6[&#10;  ccy=&lt;null&gt;&#10;  id=com.prowidesoftware.swift.model.mx.dic.AccountIdentification3Cho…" classname="org.translator.MapperCoreTest" time="0.008"/>
  <testcase name="[3] com.prowidesoftware.swift.model.mx.dic.CreditTransferTransactionInformation2@2ece4966[&#10;  accptncDtTm=&lt;null&gt;&#10;  cdtr=&lt;null&gt;&#10;  cdtrAcct=&lt;null&gt;&#10;  cdtrAgt=&lt;null&gt;&#10;  cdtrAgtAcct=&lt;null&gt;&#10;  chrgBr=&lt;null&gt;&#10;  chrgsInf=&lt;null&gt;&#10;  dbtr=com.prowidesoftware.swift.model.mx.dic.PartyIdentification8@1dd0e7c4[&#10;  ctryOfRes=&lt;null&gt;&#10;  id=com.prowidesoftware.swift.model.mx.dic.Party2Choice@7894f09b[&#10;  orgId=com.prowidesoftware.swift.model.mx.dic.OrganisationIdentification2@3d484181[&#10;  bei=&lt;null&gt;&#10;  bic=&lt;null&gt;&#10;  bkPtyId=&lt;null&gt;&#10;  duns=&lt;…" classname="org.translator.MapperCoreTest" time="0.007"/>
  <testcase name="[4] com.prowidesoftware.swift.model.mx.dic.CreditTransferTransactionInformation2@30990c1b[&#10;  accptncDtTm=&lt;null&gt;&#10;  cdtr=&lt;null&gt;&#10;  cdtrAcct=&lt;null&gt;&#10;  cdtrAgt=&lt;null&gt;&#10;  cdtrAgtAcct=&lt;null&gt;&#10;  chrgBr=&lt;null&gt;&#10;  chrgsInf=&lt;null&gt;&#10;  dbtr=com.prowidesoftware.swift.model.mx.dic.PartyIdentification8@2453f95d[&#10;  ctryOfRes=&lt;null&gt;&#10;  id=com.prowidesoftware.swift.model.mx.dic.Party2Choice@44828f6b[&#10;  orgId=com.prowidesoftware.swift.model.mx.dic.OrganisationIdentification2@2dbe250d[&#10;  bei=BEI-123&#10;  bic=&lt;null&gt;&#10;  bkPtyId=&lt;null&gt;&#10;  duns=…" classname="org.translator.MapperCoreTest" time="0.006"/>
  <testcase name="[5] com.prowidesoftware.swift.model.mx.dic.CreditTransferTransactionInformation2@20b5f2ac[&#10;  accptncDtTm=&lt;null&gt;&#10;  cdtr=&lt;null&gt;&#10;  cdtrAcct=&lt;null&gt;&#10;  cdtrAgt=&lt;null&gt;&#10;  cdtrAgtAcct=&lt;null&gt;&#10;  chrgBr=&lt;null&gt;&#10;  chrgsInf=&lt;null&gt;&#10;  dbtr=&lt;null&gt;&#10;  dbtrAcct=com.prowidesoftware.swift.model.mx.dic.CashAccount7@7fc44dec[&#10;  ccy=&lt;null&gt;&#10;  id=com.prowidesoftware.swift.model.mx.dic.AccountIdentification3Choice@7e3060d8[&#10;  bban=&lt;null&gt;&#10;  iban=DE89370400440532013000&#10;  prtryAcct=&lt;null&gt;&#10;  upic=&lt;null&gt;&#10;]&#10;  nm=&lt;null&gt;&#10;  tp=&lt;null&gt;&#10;]&#10;  dbtrAgt=&lt;…" classname="org.translator.MapperCoreTest" time="0.006"/>
  <testcase name="[6] com.prowidesoftware.swift.model.mx.dic.CreditTransferTransactionInformation2@64df9a61[&#10;  accptncDtTm=&lt;null&gt;&#10;  cdtr=&lt;null&gt;&#10;  cdtrAcct=&lt;null&gt;&#10;  cdtrAgt=&lt;null&gt;&#10;  cdtrAgtAcct=&lt;null&gt;&#10;  chrgBr=&lt;null&gt;&#10;  chrgsInf=&lt;null&gt;&#10;  dbtr=&lt;null&gt;&#10;  dbtrAcct=com.prowidesoftware.swift.model.mx.dic.CashAccount7@77602954[&#10;  ccy=&lt;null&gt;&#10;  id=com.prowidesoftware.swift.model.mx.dic.AccountIdentification3Choice@e260766[&#10;  bban=&lt;null&gt;&#10;  iban=&lt;null&gt;&#10;  prtryAcct=com.prowidesoftware.swift.model.mx.dic.SimpleIdentificationInformation2@2c3de…" classname="org.translator.MapperCoreTest" time="0.005"/>
  <system-out><![CDATA[]]></system-out>
  <system-err><![CDATA[]]></system-err>
</testsuite>
